<?xml version="1.0" encoding="UTF-8"?>
<!-- Generated by org.testng.reporters.JUnitXMLReporter -->
<testsuite ignored="0" hostname="DESKTOP-2V6V6GU" failures="1" tests="1" name="Test-Runner1" time="0.041" errors="0" timestamp="2025-03-27T18:18:37 IST">
  <testcase classname="docker.SampleTest" name="sampleTest" time="0.0">
    <failure type="org.testng.TestNGException" message="
Parameter &amp;apos;String browserName&amp;apos; is required by @Test on method sampleTest but has not been marked @Optional or defined
in D:\Selenium_Workspace\TutorialsNinjaPractise\testng.xml">
      <![CDATA[org.testng.TestNGException: 
Parameter 'String browserName' is required by @Test on method sampleTest but has not been marked @Optional or defined
in D:\Selenium_Workspace\TutorialsNinjaPractise\testng.xml
at java.base/java.util.ArrayList.forEach(ArrayList.java:1596)
at java.base/java.util.concurrent.FutureTask.run(FutureTask.java:317)
at java.base/java.util.concurrent.ThreadPoolExecutor.runWorker(ThreadPoolExecutor.java:1144)
at java.base/java.util.concurrent.ThreadPoolExecutor$Worker.run(ThreadPoolExecutor.java:642)
at java.base/java.lang.Thread.run(Thread.java:1583)
... Removed 16 stack frames]]>
    </failure>
  </testcase> <!-- sampleTest -->
</testsuite> <!-- Test-Runner1 -->
